Checking for duplicate files...
Duplicate files found:
.dm
.gitignore
.ninja_deps
.ninja_log
AndroidManifest.xml
AndroidOut.cpp.o
AugmentedImageActivity.java
BackgroundRenderer.java
CMakeCCompiler.cmake
CMakeCCompilerId.c
CMakeCCompilerId.o
CMakeCXXCompiler.cmake
CMakeCXXCompilerId.cpp
CMakeCXXCompilerId.o
CMakeDetermineCompilerABI_C.bin
CMakeDetermineCompilerABI_CXX.bin
CMakeOutput.log
CMakeSystem.cmake
CameraPermissionHelper.java
Card.h
CardRepository.h
CloudAnchorActivity.java
CloudAnchorManager.java
Combatant.cpp.o
ComputerVisionActivity.java
DepthSettings.java
DisplayRotationHelper.java
EisSettings.java
ExampleCard.cpp
ExampleCard.cpp.o
ExampleCard.h
Framebuffer.java
FullScreenHelper.java
GLError.java
GameActivityMotionEvent.cpp.o
GameController.h
GpuBuffer.java
HEAD
HelloArActivity.java
IndexBuffer.java
InstantPlacementSettings.java
JniInterface.java
LICENSE
LocationPermissionHelper.java
Mesh.java
Model.cpp.o
ObjectRenderer.java
PlaneRenderer.java
Player.cpp
Player.h
PointCloudRenderer.java
PrivacyNoticeDialogFragment.java
README.md
Renderer.cpp.o
SampleRender.java
Shader.cpp.o
Shader.java
ShaderUtil.java
SnackbarHelper.java
SpecularCubemapFilter.java
TapHelper.java
Texture.java
TextureAsset.cpp.o
TrackingStateHelper.java
TutorialActivity.class
TutorialActivity.dex
TutorialManager.cpp
TutorialManager.h
Utility.cpp.o
VertexBuffer.java
activity_card_collection.xml
activity_character_select.xml
activity_collection.xml
activity_game.xml
activity_loading.xml
activity_login.xml
activity_main.xml
activity_splash.xml
activity_tutorial.xml
adventure_match.cpp.o
anchor.obj
anchor.png
android_gradle_build.json
android_gradle_build_mini.json
android_native_app_glue.c.o
android_robot.png
andy.obj
andy.png
andy_shadow.obj
andy_shadow.png
andy_spec.png
annotationProcessors.json
app-release.apk
app-release.dm
app_release.kotlin_module
aqua_mirage_icon.png
aqua_mirage_scene.png
ar_manager.cpp.o
ar_match.cpp.o
ar_object.cpp.o
ar_object.frag
ar_object.vert
ar_session.cpp.o
ar_unlit_object.frag
ar_unlit_object.vert
arcoreimg
attack_card.cpp.o
background_music.mp3
background_renderer.cc
background_renderer.h
background_show_camera.frag
background_show_camera.vert
background_show_depth_color_visualization.frag
background_show_depth_color_visualization.vert
backup_rules.xml
baseline-prof.txt
battle.cpp.o
btn_background.xml
build.gradle
build.gradle.kts
build.ninja
buildfingerprint.bin
button_bg.xml
cache-v2
card.cpp.o
card_attack.cpp.o
card_back.xml
card_defence.cpp.o
card_effect.cpp.o
card_frame.webp
card_frame.xml
card_frame_background.png
card_frame_foreground.png
card_frame_round.webp
card_frame_round.xml
card_layout.xml
card_pool.cpp.o
card_type_specific.cpp.o
character.cpp.o
character_portraits.xml
classes.dex
classes2.dex
classes3.dex
cmake.check_cache
cmakeFiles-v1
cmake_install.cmake
codemodel-v2
color_space.hpp
color_space.inl
common.hpp
compile-file-map.properties
compile_commands.json
compile_commands.json.bin
configuration-cache-report.html
configure_fingerprint.bin
cubemap_filter.frag
cubemap_filter.vert
data_extraction_rules.xml
deck.cpp.o
default.jpg
depth_color_palette.png
dfg.raw
dialog_bg.xml
directory-.-Debug-d0094a50bb2071803777.json
directory-.-RelWithDebInfo-d0094a50bb2071803777.json
ear_fur.png
element.cpp.o
enemy.cpp.o
entry.bin
environmental_hdr.frag
environmental_hdr.vert
fit_to_scan.png
forehead_left.obj
forehead_right.obj
frame_base.png
frame_lower_left.obj
frame_lower_right.obj
frame_upper_left.obj
frame_upper_right.obj
freckles.png
game_activity.xml
game_board.cpp.o
game_state.cpp.o
gc.properties
geospatial_marker.obj
glm.h
gradle-wrapper.jar
gradle-wrapper.properties
gradle.properties
gradlew
graph.bin
group-index.xml
hello_ar_application.cc
hello_ar_application.h
ic_launcher.png
ic_launcher.webp
ic_launcher.xml
ic_launcher_background.xml
ic_launcher_foreground.png
ic_launcher_foreground.xml
ic_launcher_round.webp
ic_launcher_round.xml
ic_settings.png
icon_1.jpg
icon_1.png
input_handler.cpp.o
integer.hpp
integer.inl
item.cpp.o
jni_interface.cc
jni_interface.cpp.o
jni_interface.h
kotlin-tooling-metadata.json
libarcore_sdk_c.so
libarcore_sdk_jni.so
libnative_app_glue.a
lint-cache-version.txt
main.cpp.o
map_quality_bar.obj
map_quality_bar.png
master
match.cpp.o
matrix_transform.hpp
matrix_transform.inl
mergeReleaseResources.json
merger.xml
module.xml
native-lib.cpp.o
nose.obj
nose_fur.png
obj_renderer.cc
obj_renderer.h
object.frag
object.vert
observer_effect.cpp.o
occlusion.frag
occlusion.vert
out
output-metadata.json
packing.hpp
pawn.obj
pawn_albedo.png
pawn_albedo_instant_placement.png
pawn_roughness_metallic_ao.png
pixelated_paradise.jpg
plane.frag
plane.vert
plane_renderer.cc
plane_renderer.h
player.cpp.o
point_cloud.frag
point_cloud.vert
point_cloud_renderer.cc
point_cloud_renderer.h
prefab_config.json
proguard-rules.pro
projectfingerprint.bin
publicCard.cpp.o
pvp_match.cpp.o
qq_intro.mp4
quantum_quest_game.cpp.o
quantum_state.cpp.o
quaternion.hpp
quaternion.inl
random_generator.cpp.o
release-artifact-dependencies.xml
release-artifact-libraries.xml
release.xml
resolve_dialog.xml
room.cpp.o
room_backgrounds.xml
rules.ninja
sample_database.imgdb
scalar_relational.hpp
scalar_relational.inl
screenquad.frag
screenquad.vert
settings.gradle
settings_menu.xml
sound_effects.mp3
spatial_marker_baked.png
spatial_marker_yellow.png
specific_card.cpp.o
spell.cpp.o
strings.xml
styles.xml
target-native_app_glue-Debug-f0857cc0a1c27142e5e7.json
target-native_app_glue-RelWithDebInfo-4b73fbd6091a3a5625b0.json
texture.cc
texture.cpp.o
texture.h
the_quest.ogg
the_quest.ogg.sfk
themes.xml
trigrid.png
type_aligned.hpp
util.cc
util.h
values-night-v8.xml
values.xml
vector_relational.hpp
video_activity.xml
view_card.xml
view_game_board.xml
view_player_info.xml
work.bin
your_layout.xml

